#
# A fatal error has been detected by the Java Runtime Environment:
#
#  EXCEPTION_ACCESS_VIOLATION (0xc0000005) at pc=0x000000005345bce0, pid=13216, tid=4228
#
# JRE version: Java(TM) SE Runtime Environment (9.0+11) (build 9.0.4+11)
# Java VM: Java HotSpot(TM) 64-Bit Server VM (9.0.4+11, mixed mode, tiered, compressed oops, g1 gc, windows-amd64)
# Problematic frame:
# V  [jvm.dll+0x32bce0]
#
# No core dump will be written. Minidumps are not enabled by default on client versions of Windows
#
# If you would like to submit a bug report, please visit:
#   http://bugreport.java.com/bugreport/crash.jsp
#

---------------  S U M M A R Y ------------

Command Line: -agentlib:jdwp=transport=dt_socket,suspend=y,address=localhost:55365 -ea -Dfile.encoding=Cp1252 org.eclipse.jdt.internal.junit.runner.RemoteTestRunner -version 3 -port 55364 -testLoaderClass org.eclipse.jdt.internal.junit4.runner.JUnit4TestLoader -loaderpluginname org.eclipse.jdt.junit4.runtime -classNames polytech.javaproject.test.model.EmployeeTest

Host: Intel(R) Core(TM) i3-4005U CPU @ 1.70GHz, 4 cores, 7G,  Windows 10 , 64 bit Build 16299 (10.0.16299.15)
Time: Wed Apr 18 14:53:55 2018 Paris, Madrid (heure d?été) elapsed time: 276 seconds (0d 0h 4m 36s)

---------------  T H R E A D  ---------------

Current thread (0x000002265370c800):  VMThread "VM Thread" [stack: 0x0000005c8ef00000,0x0000005c8f000000] [id=4228]

Stack: [0x0000005c8ef00000,0x0000005c8f000000],  sp=0x0000005c8effec90,  free space=1019k
Native frames: (J=compiled Java code, j=interpreted, Vv=VM code, C=native code)
V  [jvm.dll+0x32bce0]
V  [jvm.dll+0x327698]
V  [jvm.dll+0x341f4f]
V  [jvm.dll+0x34516d]
V  [jvm.dll+0x296ab0]
V  [jvm.dll+0x296ba9]
V  [jvm.dll+0x2f8791]
V  [jvm.dll+0x2f771e]
V  [jvm.dll+0x2f4fc8]
V  [jvm.dll+0x2f666e]
V  [jvm.dll+0x2f3e55]
V  [jvm.dll+0x2f3293]
V  [jvm.dll+0x5784ff]
V  [jvm.dll+0x57880c]
V  [jvm.dll+0x5786b3]
V  [jvm.dll+0x578eac]
V  [jvm.dll+0x5470aa]
V  [jvm.dll+0x465311]
V  [jvm.dll+0x6a366b]
V  [jvm.dll+0x6a1e05]
V  [jvm.dll+0x6a25e1]
V  [jvm.dll+0x6a28cc]
V  [jvm.dll+0x586490]
C  [msvcr120.dll+0x24f7f]
C  [msvcr120.dll+0x25126]
C  [KERNEL32.DLL+0x11fe4]
C  [ntdll.dll+0x6f061]


siginfo: EXCEPTION_ACCESS_VIOLATION (0xc0000005), reading address 0xffffffffffffffff


Register to memory mapping:

RIP=0x000000005345bce0 jvm.dll
RAX=0x746942646e417465 is an unknown value
RBX=0x000002265370c800 is an unknown value
RCX=0x00000001000016d0 is pointing into metadata
RDX=0x746942646e417465 is an unknown value
RSP=0x0000005c8effec90 is an unknown value
RBP=0x0000000000000003 is an unknown value
RSI=0x0000005c8effed50 is an unknown value
RDI=0x0000000000000000 is an unknown value
R8 =0x000002265370c800 is an unknown value
R9 =0x746942646e417465 is an unknown value
R10=0x0000000000000065 is an unknown value
R11=0x0000000000000065 is an unknown value
R12=0x0000000000000000 is an unknown value
R13=0x0000000000000000 is an unknown value
R14=0x000000000000005d is an unknown value
R15=0x0000000000000001 is an unknown value


Registers:
RAX=0x746942646e417465, RBX=0x000002265370c800, RCX=0x00000001000016d0, RDX=0x746942646e417465
RSP=0x0000005c8effec90, RBP=0x0000000000000003, RSI=0x0000005c8effed50, RDI=0x0000000000000000
R8 =0x000002265370c800, R9 =0x746942646e417465, R10=0x0000000000000065, R11=0x0000000000000065
R12=0x0000000000000000, R13=0x0000000000000000, R14=0x000000000000005d, R15=0x0000000000000001
RIP=0x000000005345bce0, EFLAGS=0x0000000000010246

Top of Stack: (sp=0x0000005c8effec90)
0x0000005c8effec90:   00000001000016d0 0000000000000000
0x0000005c8effeca0:   0000000000000000 000002265370c800
0x0000005c8effecb0:   0000000000000000 0000000053457698
0x0000005c8effecc0:   00000001000016d0 000002265370c800
0x0000005c8effecd0:   0000005c8effed50 000002265370c800
0x0000005c8effece0:   0000005c8effedc0 0000000053471f4f
0x0000005c8effecf0:   000002265370c800 0000000000000000
0x0000005c8effed00:   0000000000000000 0000000000000000
0x0000005c8effed10:   0000000053a876f4 0000022652df3a60
0x0000005c8effed20:   0000005c8effedc0 000000005347516d
0x0000005c8effed30:   0000005c8effed50 0000005c8effef20
0x0000005c8effed40:   000000000000005d 0000000000000000
0x0000005c8effed50:   2fffffff2fffffff 2fffffff2fffffff
0x0000005c8effed60:   000002265370c800 0000005c8effef20
0x0000005c8effed70:   0000000000000000 00000000533c6ab0
0x0000005c8effed80:   0000005c8effef10 0000000000000001 

Instructions: (pc=0x000000005345bce0)
0x000000005345bcc0:   8b d8 e8 a9 88 d8 ff 48 83 7b 08 00 4c 8b c8 74
0x000000005345bcd0:   04 33 ff eb 23 80 3d 39 bd 62 00 00 74 05 33 ff
0x000000005345bce0:   89 78 0c 48 8d 4d fe 48 8d 78 10 48 85 c9 74 05
0x000000005345bcf0:   33 c0 f3 48 ab 49 8b f9 48 83 7b 08 00 48 8b 74 


VM_Operation (0x0000005c8f9ff330): GetOrSetLocal, mode: safepoint, requested by thread 0x0000022653ae3800


---------------  P R O C E S S  ---------------

Java Threads: ( => current thread )
  0x0000022653b6c800 JavaThread "ReaderThread" [_thread_in_native, id=7996, stack(0x0000005c8fe00000,0x0000005c8ff00000)]
  0x0000022653af3000 JavaThread "Service Thread" daemon [_thread_blocked, id=11664, stack(0x0000005c8fc00000,0x0000005c8fd00000)]
  0x0000022653ae9000 JavaThread "JDWP Command Reader" daemon [_thread_in_native, id=6280, stack(0x0000005c8fb00000,0x0000005c8fc00000)]
  0x0000022653ae6000 JavaThread "JDWP Event Helper Thread" daemon [_thread_blocked, id=12216, stack(0x0000005c8fa00000,0x0000005c8fb00000)]
  0x0000022653ae3800 JavaThread "JDWP Transport Listener: dt_socket" daemon [_thread_blocked, id=10376, stack(0x0000005c8f900000,0x0000005c8fa00000)]
  0x0000022653848800 JavaThread "Common-Cleaner" daemon [_thread_blocked, id=12048, stack(0x0000005c8f800000,0x0000005c8f900000)]
  0x0000022653787800 JavaThread "Sweeper thread" daemon [_thread_blocked, id=12656, stack(0x0000005c8f700000,0x0000005c8f800000)]
  0x000002265376b000 JavaThread "C1 CompilerThread2" daemon [_thread_blocked, id=8292, stack(0x0000005c8f600000,0x0000005c8f700000)]
  0x0000022653765000 JavaThread "C2 CompilerThread1" daemon [_thread_blocked, id=8256, stack(0x0000005c8f500000,0x0000005c8f600000)]
  0x0000022653761000 JavaThread "C2 CompilerThread0" daemon [_thread_blocked, id=12080, stack(0x0000005c8f400000,0x0000005c8f500000)]
  0x000002265375e000 JavaThread "Attach Listener" daemon [_thread_blocked, id=4128, stack(0x0000005c8f300000,0x0000005c8f400000)]
  0x000002265375d000 JavaThread "Signal Dispatcher" daemon [_thread_blocked, id=8004, stack(0x0000005c8f200000,0x0000005c8f300000)]
  0x000002265374e800 JavaThread "Finalizer" daemon [_thread_blocked, id=176, stack(0x0000005c8f100000,0x0000005c8f200000)]
  0x0000022653711000 JavaThread "Reference Handler" daemon [_thread_blocked, id=10792, stack(0x0000005c8f000000,0x0000005c8f100000)]
  0x0000022633e0e000 JavaThread "main" [_thread_blocked, id=12156, stack(0x0000005c8e300000,0x0000005c8e400000)]

Other Threads:
=>0x000002265370c800 VMThread "VM Thread" [stack: 0x0000005c8ef00000,0x0000005c8f000000] [id=4228]
  0x0000022653af6000 WatcherThread [stack: 0x0000005c8fd00000,0x0000005c8fe00000] [id=11072]
  0x0000022633e26000 GCTaskThread "GC Thread#0" [stack: 0x0000005c8e400000,0x0000005c8e500000] [id=1316]
  0x0000022633e27000 GCTaskThread "GC Thread#1" [stack: 0x0000005c8e500000,0x0000005c8e600000] [id=2284]
  0x0000022633e2e800 GCTaskThread "GC Thread#2" [stack: 0x0000005c8e600000,0x0000005c8e700000] [id=9468]
  0x0000022633e31000 GCTaskThread "GC Thread#3" [stack: 0x0000005c8e700000,0x0000005c8e800000] [id=3644]
  0x0000022633eb0800 ConcurrentGCThread "G1 Main Marker" [stack: 0x0000005c8ed00000,0x0000005c8ee00000] [id=12160]
  0x0000022633eb4000 ConcurrentGCThread "G1 Marker#0" [stack: 0x0000005c8ee00000,0x0000005c8ef00000] [id=6072]
  0x0000022633e3c800 ConcurrentGCThread "G1 Refine#0" [stack: 0x0000005c8eb00000,0x0000005c8ec00000] [id=12092]
  0x0000022633e37800 ConcurrentGCThread "G1 Refine#1" [stack: 0x0000005c8ea00000,0x0000005c8eb00000] [id=5272]
  0x0000022633e3c000 ConcurrentGCThread "G1 Refine#2" [stack: 0x0000005c8e900000,0x0000005c8ea00000] [id=12300]
  0x0000022633e33800 ConcurrentGCThread "G1 Refine#3" [stack: 0x0000005c8e800000,0x0000005c8e900000] [id=6928]
  0x0000022633e48000 ConcurrentGCThread "G1 Young RemSet Sampling" [stack: 0x0000005c8ec00000,0x0000005c8ed00000] [id=624]

Threads with active compile tasks:

VM state:at safepoint (normal execution)

VM Mutex/Monitor currently owned by a thread:  ([mutex/lock_event])
[0x0000022633e0dac0] Threads_lock - owner thread: 0x000002265370c800

Heap address: 0x0000000081200000, size: 2030 MB, Compressed Oops mode: 32-bit
Narrow klass base: 0x0000000000000000, Narrow klass shift: 3
Compressed class space size: 1073741824 Address: 0x0000000100000000

Heap:
 garbage-first heap   total 131072K, used 6144K [0x0000000081200000, 0x0000000081300400, 0x0000000100000000)
  region size 1024K, 7 young (7168K), 0 survivors (0K)
 Metaspace       used 9741K, capacity 10012K, committed 10368K, reserved 1058816K
  class space    used 1017K, capacity 1063K, committed 1152K, reserved 1048576K
Heap Regions: E=young(eden), S=young(survivor), O=old, HS=humongous(starts), HC=humongous(continues), CS=collection set, F=free, A=archive, TS=gc time stamp, AC=allocation context, TAMS=top-at-mark-start (previous, next)
|   0|0x0000000081200000, 0x0000000081200000, 0x0000000081300000|  0%| F|  |TS  0|AC  0|TAMS 0x0000000081200000, 0x0000000081200000|
|   1|0x0000000081300000, 0x0000000081300000, 0x0000000081400000|  0%| F|  |TS  0|AC  0|TAMS 0x0000000081300000, 0x0000000081300000|
|   2|0x0000000081400000, 0x0000000081400000, 0x0000000081500000|  0%| F|  |TS  0|AC  0|TAMS 0x0000000081400000, 0x0000000081400000|
|   3|0x0000000081500000, 0x0000000081500000, 0x0000000081600000|  0%| F|  |TS  0|AC  0|TAMS 0x0000000081500000, 0x0000000081500000|
|   4|0x0000000081600000, 0x0000000081600000, 0x0000000081700000|  0%| F|  |TS  0|AC  0|TAMS 0x0000000081600000, 0x0000000081600000|
|   5|0x0000000081700000, 0x0000000081700000, 0x0000000081800000|  0%| F|  |TS  0|AC  0|TAMS 0x0000000081700000, 0x0000000081700000|
|   6|0x0000000081800000, 0x0000000081800000, 0x0000000081900000|  0%| F|  |TS  0|AC  0|TAMS 0x0000000081800000, 0x0000000081800000|
|   7|0x0000000081900000, 0x0000000081900000, 0x0000000081a00000|  0%| F|  |TS  0|AC  0|TAMS 0x0000000081900000, 0x0000000081900000|
|   8|0x0000000081a00000, 0x0000000081a00000, 0x0000000081b00000|  0%| F|  |TS  0|AC  0|TAMS 0x0000000081a00000, 0x0000000081a00000|
|   9|0x0000000081b00000, 0x0000000081b00000, 0x0000000081c00000|  0%| F|  |TS  0|AC  0|TAMS 0x0000000081b00000, 0x0000000081b00000|
|  10|0x0000000081c00000, 0x0000000081c00000, 0x0000000081d00000|  0%| F|  |TS  0|AC  0|TAMS 0x0000000081c00000, 0x0000000081c00000|
|  11|0x0000000081d00000, 0x0000000081d00000, 0x0000000081e00000|  0%| F|  |TS  0|AC  0|TAMS 0x0000000081d00000, 0x0000000081d00000|
|  12|0x0000000081e00000, 0x0000000081e00000, 0x0000000081f00000|  0%| F|  |TS  0|AC  0|TAMS 0x0000000081e00000, 0x0000000081e00000|
|  13|0x0000000081f00000, 0x0000000081f00000, 0x0000000082000000|  0%| F|  |TS  0|AC  0|TAMS 0x0000000081f00000, 0x0000000081f00000|
|  14|0x0000000082000000, 0x0000000082000000, 0x0000000082100000|  0%| F|  |TS  0|AC  0|TAMS 0x0000000082000000, 0x0000000082000000|
|  15|0x0000000082100000, 0x0000000082100000, 0x0000000082200000|  0%| F|  |TS  0|AC  0|TAMS 0x0000000082100000, 0x0000000082100000|
|  16|0x0000000082200000, 0x0000000082200000, 0x0000000082300000|  0%| F|  |TS  0|AC  0|TAMS 0x0000000082200000, 0x0000000082200000|
|  17|0x0000000082300000, 0x0000000082300000, 0x0000000082400000|  0%| F|  |TS  0|AC  0|TAMS 0x0000000082300000, 0x0000000082300000|
|  18|0x0000000082400000, 0x0000000082400000, 0x0000000082500000|  0%| F|  |TS  0|AC  0|TAMS 0x0000000082400000, 0x0000000082400000|
|  19|0x0000000082500000, 0x0000000082500000, 0x0000000082600000|  0%| F|  |TS  0|AC  0|TAMS 0x0000000082500000, 0x0000000082500000|
|  20|0x0000000082600000, 0x0000000082600000, 0x0000000082700000|  0%| F|  |TS  0|AC  0|TAMS 0x0000000082600000, 0x0000000082600000|
|  21|0x0000000082700000, 0x0000000082700000, 0x0000000082800000|  0%| F|  |TS  0|AC  0|TAMS 0x0000000082700000, 0x0000000082700000|
|  22|0x0000000082800000, 0x0000000082800000, 0x0000000082900000|  0%| F|  |TS  0|AC  0|TAMS 0x0000000082800000, 0x0000000082800000|
|  23|0x0000000082900000, 0x0000000082900000, 0x0000000082a00000|  0%| F|  |TS  0|AC  0|TAMS 0x0000000082900000, 0x0000000082900000|
|  24|0x0000000082a00000, 0x0000000082a00000, 0x0000000082b00000|  0%| F|  |TS  0|AC  0|TAMS 0x0000000082a00000, 0x0000000082a00000|
|  25|0x0000000082b00000, 0x0000000082b00000, 0x0000000082c00000|  0%| F|  |TS  0|AC  0|TAMS 0x0000000082b00000, 0x0000000082b00000|
|  26|0x0000000082c00000, 0x0000000082c00000, 0x0000000082d00000|  0%| F|  |TS  0|AC  0|TAMS 0x0000000082c00000, 0x0000000082c00000|
|  27|0x0000000082d00000, 0x0000000082d00000, 0x0000000082e00000|  0%| F|  |TS  0|AC  0|TAMS 0x0000000082d00000, 0x0000000082d00000|
|  28|0x0000000082e00000, 0x0000000082e00000, 0x0000000082f00000|  0%| F|  |TS  0|AC  0|TAMS 0x0000000082e00000, 0x0000000082e00000|
|  29|0x0000000082f00000, 0x0000000082f00000, 0x0000000083000000|  0%| F|  |TS  0|AC  0|TAMS 0x0000000082f00000, 0x0000000082f00000|
|  30|0x0000000083000000, 0x0000000083000000, 0x0000000083100000|  0%| F|  |TS  0|AC  0|TAMS 0x0000000083000000, 0x0000000083000000|
|  31|0x0000000083100000, 0x0000000083100000, 0x0000000083200000|  0%| F|  |TS  0|AC  0|TAMS 0x0000000083100000, 0x0000000083100000|
|  32|0x0000000083200000, 0x0000000083200000, 0x0000000083300000|  0%| F|  |TS  0|AC  0|TAMS 0x0000000083200000, 0x0000000083200000|
|  33|0x0000000083300000, 0x0000000083300000, 0x0000000083400000|  0%| F|  |TS  0|AC  0|TAMS 0x0000000083300000, 0x0000000083300000|
|  34|0x0000000083400000, 0x0000000083400000, 0x0000000083500000|  0%| F|  |TS  0|AC  0|TAMS 0x0000000083400000, 0x0000000083400000|
|  35|0x0000000083500000, 0x0000000083500000, 0x0000000083600000|  0%| F|  |TS  0|AC  0|TAMS 0x0000000083500000, 0x0000000083500000|
|  36|0x0000000083600000, 0x0000000083600000, 0x0000000083700000|  0%| F|  |TS  0|AC  0|TAMS 0x0000000083600000, 0x0000000083600000|
|  37|0x0000000083700000, 0x0000000083700000, 0x0000000083800000|  0%| F|  |TS  0|AC  0|TAMS 0x0000000083700000, 0x0000000083700000|
|  38|0x0000000083800000, 0x0000000083800000, 0x0000000083900000|  0%| F|  |TS  0|AC  0|TAMS 0x0000000083800000, 0x0000000083800000|
|  39|0x0000000083900000, 0x0000000083900000, 0x0000000083a00000|  0%| F|  |TS  0|AC  0|TAMS 0x0000000083900000, 0x0000000083900000|
|  40|0x0000000083a00000, 0x0000000083a00000, 0x0000000083b00000|  0%| F|  |TS  0|AC  0|TAMS 0x0000000083a00000, 0x0000000083a00000|
|  41|0x0000000083b00000, 0x0000000083b00000, 0x0000000083c00000|  0%| F|  |TS  0|AC  0|TAMS 0x0000000083b00000, 0x0000000083b00000|
|  42|0x0000000083c00000, 0x0000000083c00000, 0x0000000083d00000|  0%| F|  |TS  0|AC  0|TAMS 0x0000000083c00000, 0x0000000083c00000|
|  43|0x0000000083d00000, 0x0000000083d00000, 0x0000000083e00000|  0%| F|  |TS  0|AC  0|TAMS 0x0000000083d00000, 0x0000000083d00000|
|  44|0x0000000083e00000, 0x0000000083e00000, 0x0000000083f00000|  0%| F|  |TS  0|AC  0|TAMS 0x0000000083e00000, 0x0000000083e00000|
|  45|0x0000000083f00000, 0x0000000083f00000, 0x0000000084000000|  0%| F|  |TS  0|AC  0|TAMS 0x0000000083f00000, 0x0000000083f00000|
|  46|0x0000000084000000, 0x0000000084000000, 0x0000000084100000|  0%| F|  |TS  0|AC  0|TAMS 0x0000000084000000, 0x0000000084000000|
|  47|0x0000000084100000, 0x0000000084100000, 0x0000000084200000|  0%| F|  |TS  0|AC  0|TAMS 0x0000000084100000, 0x0000000084100000|
|  48|0x0000000084200000, 0x0000000084200000, 0x0000000084300000|  0%| F|  |TS  0|AC  0|TAMS 0x0000000084200000, 0x0000000084200000|
|  49|0x0000000084300000, 0x0000000084300000, 0x0000000084400000|  0%| F|  |TS  0|AC  0|TAMS 0x0000000084300000, 0x0000000084300000|
|  50|0x0000000084400000, 0x0000000084400000, 0x0000000084500000|  0%| F|  |TS  0|AC  0|TAMS 0x0000000084400000, 0x0000000084400000|
|  51|0x0000000084500000, 0x0000000084500000, 0x0000000084600000|  0%| F|  |TS  0|AC  0|TAMS 0x0000000084500000, 0x0000000084500000|
|  52|0x0000000084600000, 0x0000000084600000, 0x0000000084700000|  0%| F|  |TS  0|AC  0|TAMS 0x0000000084600000, 0x0000000084600000|
|  53|0x0000000084700000, 0x0000000084700000, 0x0000000084800000|  0%| F|  |TS  0|AC  0|TAMS 0x0000000084700000, 0x0000000084700000|
|  54|0x0000000084800000, 0x0000000084800000, 0x0000000084900000|  0%| F|  |TS  0|AC  0|TAMS 0x0000000084800000, 0x0000000084800000|
|  55|0x0000000084900000, 0x0000000084900000, 0x0000000084a00000|  0%| F|  |TS  0|AC  0|TAMS 0x0000000084900000, 0x0000000084900000|
|  56|0x0000000084a00000, 0x0000000084a00000, 0x0000000084b00000|  0%| F|  |TS  0|AC  0|TAMS 0x0000000084a00000, 0x0000000084a00000|
|  57|0x0000000084b00000, 0x0000000084b00000, 0x0000000084c00000|  0%| F|  |TS  0|AC  0|TAMS 0x0000000084b00000, 0x0000000084b00000|
|  58|0x0000000084c00000, 0x0000000084c00000, 0x0000000084d00000|  0%| F|  |TS  0|AC  0|TAMS 0x0000000084c00000, 0x0000000084c00000|
|  59|0x0000000084d00000, 0x0000000084d00000, 0x0000000084e00000|  0%| F|  |TS  0|AC  0|TAMS 0x0000000084d00000, 0x0000000084d00000|
|  60|0x0000000084e00000, 0x0000000084e00000, 0x0000000084f00000|  0%| F|  |TS  0|AC  0|TAMS 0x0000000084e00000, 0x0000000084e00000|
|  61|0x0000000084f00000, 0x0000000084f00000, 0x0000000085000000|  0%| F|  |TS  0|AC  0|TAMS 0x0000000084f00000, 0x0000000084f00000|
|  62|0x0000000085000000, 0x0000000085000000, 0x0000000085100000|  0%| F|  |TS  0|AC  0|TAMS 0x0000000085000000, 0x0000000085000000|
|  63|0x0000000085100000, 0x0000000085100000, 0x0000000085200000|  0%| F|  |TS  0|AC  0|TAMS 0x0000000085100000, 0x0000000085100000|
|  64|0x0000000085200000, 0x0000000085200000, 0x0000000085300000|  0%| F|  |TS  0|AC  0|TAMS 0x0000000085200000, 0x0000000085200000|
|  65|0x0000000085300000, 0x0000000085300000, 0x0000000085400000|  0%| F|  |TS  0|AC  0|TAMS 0x0000000085300000, 0x0000000085300000|
|  66|0x0000000085400000, 0x0000000085400000, 0x0000000085500000|  0%| F|  |TS  0|AC  0|TAMS 0x0000000085400000, 0x0000000085400000|
|  67|0x0000000085500000, 0x0000000085500000, 0x0000000085600000|  0%| F|  |TS  0|AC  0|TAMS 0x0000000085500000, 0x0000000085500000|
|  68|0x0000000085600000, 0x0000000085600000, 0x0000000085700000|  0%| F|  |TS  0|AC  0|TAMS 0x0000000085600000, 0x0000000085600000|
|  69|0x0000000085700000, 0x0000000085700000, 0x0000000085800000|  0%| F|  |TS  0|AC  0|TAMS 0x0000000085700000, 0x0000000085700000|
|  70|0x0000000085800000, 0x0000000085800000, 0x0000000085900000|  0%| F|  |TS  0|AC  0|TAMS 0x0000000085800000, 0x0000000085800000|
|  71|0x0000000085900000, 0x0000000085900000, 0x0000000085a00000|  0%| F|  |TS  0|AC  0|TAMS 0x0000000085900000, 0x0000000085900000|
|  72|0x0000000085a00000, 0x0000000085a00000, 0x0000000085b00000|  0%| F|  |TS  0|AC  0|TAMS 0x0000000085a00000, 0x0000000085a00000|
|  73|0x0000000085b00000, 0x0000000085b00000, 0x0000000085c00000|  0%| F|  |TS  0|AC  0|TAMS 0x0000000085b00000, 0x0000000085b00000|
|  74|0x0000000085c00000, 0x0000000085c00000, 0x0000000085d00000|  0%| F|  |TS  0|AC  0|TAMS 0x0000000085c00000, 0x0000000085c00000|
|  75|0x0000000085d00000, 0x0000000085d00000, 0x0000000085e00000|  0%| F|  |TS  0|AC  0|TAMS 0x0000000085d00000, 0x0000000085d00000|
|  76|0x0000000085e00000, 0x0000000085e00000, 0x0000000085f00000|  0%| F|  |TS  0|AC  0|TAMS 0x0000000085e00000, 0x0000000085e00000|
|  77|0x0000000085f00000, 0x0000000085f00000, 0x0000000086000000|  0%| F|  |TS  0|AC  0|TAMS 0x0000000085f00000, 0x0000000085f00000|
|  78|0x0000000086000000, 0x0000000086000000, 0x0000000086100000|  0%| F|  |TS  0|AC  0|TAMS 0x0000000086000000, 0x0000000086000000|
|  79|0x0000000086100000, 0x0000000086100000, 0x0000000086200000|  0%| F|  |TS  0|AC  0|TAMS 0x0000000086100000, 0x0000000086100000|
|  80|0x0000000086200000, 0x0000000086200000, 0x0000000086300000|  0%| F|  |TS  0|AC  0|TAMS 0x0000000086200000, 0x0000000086200000|
|  81|0x0000000086300000, 0x0000000086300000, 0x0000000086400000|  0%| F|  |TS  0|AC  0|TAMS 0x0000000086300000, 0x0000000086300000|
|  82|0x0000000086400000, 0x0000000086400000, 0x0000000086500000|  0%| F|  |TS  0|AC  0|TAMS 0x0000000086400000, 0x0000000086400000|
|  83|0x0000000086500000, 0x0000000086500000, 0x0000000086600000|  0%| F|  |TS  0|AC  0|TAMS 0x0000000086500000, 0x0000000086500000|
|  84|0x0000000086600000, 0x0000000086600000, 0x0000000086700000|  0%| F|  |TS  0|AC  0|TAMS 0x0000000086600000, 0x0000000086600000|
|  85|0x0000000086700000, 0x0000000086700000, 0x0000000086800000|  0%| F|  |TS  0|AC  0|TAMS 0x0000000086700000, 0x0000000086700000|
|  86|0x0000000086800000, 0x0000000086800000, 0x0000000086900000|  0%| F|  |TS  0|AC  0|TAMS 0x0000000086800000, 0x0000000086800000|
|  87|0x0000000086900000, 0x0000000086900000, 0x0000000086a00000|  0%| F|  |TS  0|AC  0|TAMS 0x0000000086900000, 0x0000000086900000|
|  88|0x0000000086a00000, 0x0000000086a00000, 0x0000000086b00000|  0%| F|  |TS  0|AC  0|TAMS 0x0000000086a00000, 0x0000000086a00000|
|  89|0x0000000086b00000, 0x0000000086b00000, 0x0000000086c00000|  0%| F|  |TS  0|AC  0|TAMS 0x0000000086b00000, 0x0000000086b00000|
|  90|0x0000000086c00000, 0x0000000086c00000, 0x0000000086d00000|  0%| F|  |TS  0|AC  0|TAMS 0x0000000086c00000, 0x0000000086c00000|
|  91|0x0000000086d00000, 0x0000000086d00000, 0x0000000086e00000|  0%| F|  |TS  0|AC  0|TAMS 0x0000000086d00000, 0x0000000086d00000|
|  92|0x0000000086e00000, 0x0000000086e00000, 0x0000000086f00000|  0%| F|  |TS  0|AC  0|TAMS 0x0000000086e00000, 0x0000000086e00000|
|  93|0x0000000086f00000, 0x0000000086f00000, 0x0000000087000000|  0%| F|  |TS  0|AC  0|TAMS 0x0000000086f00000, 0x0000000086f00000|
|  94|0x0000000087000000, 0x0000000087000000, 0x0000000087100000|  0%| F|  |TS  0|AC  0|TAMS 0x0000000087000000, 0x0000000087000000|
|  95|0x0000000087100000, 0x0000000087100000, 0x0000000087200000|  0%| F|  |TS  0|AC  0|TAMS 0x0000000087100000, 0x0000000087100000|
|  96|0x0000000087200000, 0x0000000087200000, 0x0000000087300000|  0%| F|  |TS  0|AC  0|TAMS 0x0000000087200000, 0x0000000087200000|
|  97|0x0000000087300000, 0x0000000087300000, 0x0000000087400000|  0%| F|  |TS  0|AC  0|TAMS 0x0000000087300000, 0x0000000087300000|
|  98|0x0000000087400000, 0x0000000087400000, 0x0000000087500000|  0%| F|  |TS  0|AC  0|TAMS 0x0000000087400000, 0x0000000087400000|
|  99|0x0000000087500000, 0x0000000087500000, 0x0000000087600000|  0%| F|  |TS  0|AC  0|TAMS 0x0000000087500000, 0x0000000087500000|
| 100|0x0000000087600000, 0x0000000087600000, 0x0000000087700000|  0%| F|  |TS  0|AC  0|TAMS 0x0000000087600000, 0x0000000087600000|
| 101|0x0000000087700000, 0x0000000087700000, 0x0000000087800000|  0%| F|  |TS  0|AC  0|TAMS 0x0000000087700000, 0x0000000087700000|
| 102|0x0000000087800000, 0x0000000087800000, 0x0000000087900000|  0%| F|  |TS  0|AC  0|TAMS 0x0000000087800000, 0x0000000087800000|
| 103|0x0000000087900000, 0x0000000087900000, 0x0000000087a00000|  0%| F|  |TS  0|AC  0|TAMS 0x0000000087900000, 0x0000000087900000|
| 104|0x0000000087a00000, 0x0000000087a00000, 0x0000000087b00000|  0%| F|  |TS  0|AC  0|TAMS 0x0000000087a00000, 0x0000000087a00000|
| 105|0x0000000087b00000, 0x0000000087b00000, 0x0000000087c00000|  0%| F|  |TS  0|AC  0|TAMS 0x0000000087b00000, 0x0000000087b00000|
| 106|0x0000000087c00000, 0x0000000087c00000, 0x0000000087d00000|  0%| F|  |TS  0|AC  0|TAMS 0x0000000087c00000, 0x0000000087c00000|
| 107|0x0000000087d00000, 0x0000000087d00000, 0x0000000087e00000|  0%| F|  |TS  0|AC  0|TAMS 0x0000000087d00000, 0x0000000087d00000|
| 108|0x0000000087e00000, 0x0000000087e00000, 0x0000000087f00000|  0%| F|  |TS  0|AC  0|TAMS 0x0000000087e00000, 0x0000000087e00000|
| 109|0x0000000087f00000, 0x0000000087f00000, 0x0000000088000000|  0%| F|  |TS  0|AC  0|TAMS 0x0000000087f00000, 0x0000000087f00000|
| 110|0x0000000088000000, 0x0000000088000000, 0x0000000088100000|  0%| F|  |TS  0|AC  0|TAMS 0x0000000088000000, 0x0000000088000000|
| 111|0x0000000088100000, 0x0000000088100000, 0x0000000088200000|  0%| F|  |TS  0|AC  0|TAMS 0x0000000088100000, 0x0000000088100000|
| 112|0x0000000088200000, 0x0000000088200000, 0x0000000088300000|  0%| F|  |TS  0|AC  0|TAMS 0x0000000088200000, 0x0000000088200000|
| 113|0x0000000088300000, 0x0000000088300000, 0x0000000088400000|  0%| F|  |TS  0|AC  0|TAMS 0x0000000088300000, 0x0000000088300000|
| 114|0x0000000088400000, 0x0000000088400000, 0x0000000088500000|  0%| F|  |TS  0|AC  0|TAMS 0x0000000088400000, 0x0000000088400000|
| 115|0x0000000088500000, 0x0000000088500000, 0x0000000088600000|  0%| F|  |TS  0|AC  0|TAMS 0x0000000088500000, 0x0000000088500000|
| 116|0x0000000088600000, 0x0000000088600000, 0x0000000088700000|  0%| F|  |TS  0|AC  0|TAMS 0x0000000088600000, 0x0000000088600000|
| 117|0x0000000088700000, 0x0000000088700000, 0x0000000088800000|  0%| F|  |TS  0|AC  0|TAMS 0x0000000088700000, 0x0000000088700000|
| 118|0x0000000088800000, 0x0000000088800000, 0x0000000088900000|  0%| F|  |TS  0|AC  0|TAMS 0x0000000088800000, 0x0000000088800000|
| 119|0x0000000088900000, 0x0000000088900000, 0x0000000088a00000|  0%| F|  |TS  0|AC  0|TAMS 0x0000000088900000, 0x0000000088900000|
| 120|0x0000000088a00000, 0x0000000088a00000, 0x0000000088b00000|  0%| F|  |TS  0|AC  0|TAMS 0x0000000088a00000, 0x0000000088a00000|
| 121|0x0000000088b00000, 0x0000000088bd7ed0, 0x0000000088c00000| 84%| E|  |TS  0|AC  0|TAMS 0x0000000088b00000, 0x0000000088b00000|
| 122|0x0000000088c00000, 0x0000000088d00000, 0x0000000088d00000|100%| E|CS|TS  0|AC  0|TAMS 0x0000000088c00000, 0x0000000088c00000|
| 123|0x0000000088d00000, 0x0000000088e00000, 0x0000000088e00000|100%| E|CS|TS  0|AC  0|TAMS 0x0000000088d00000, 0x0000000088d00000|
| 124|0x0000000088e00000, 0x0000000088f00000, 0x0000000088f00000|100%| E|CS|TS  0|AC  0|TAMS 0x0000000088e00000, 0x0000000088e00000|
| 125|0x0000000088f00000, 0x0000000089000000, 0x0000000089000000|100%| E|CS|TS  0|AC  0|TAMS 0x0000000088f00000, 0x0000000088f00000|
| 126|0x0000000089000000, 0x0000000089100000, 0x0000000089100000|100%| E|CS|TS  0|AC  0|TAMS 0x0000000089000000, 0x0000000089000000|
| 127|0x0000000089100000, 0x0000000089200000, 0x0000000089200000|100%| E|CS|TS  0|AC  0|TAMS 0x0000000089100000, 0x0000000089100000|

Card table byte_map: [0x000002264c1a0000,0x000002264c5a0000] byte_map_base: 0x000002264bd97000

Marking Bits (Prev, Next): (CMBitMap*) 0x0000022633eaee20, (CMBitMap*) 0x0000022633eaee58
 Prev Bits: [0x000002264c9a0000, 0x000002264e958000)
 Next Bits: [0x000002264e960000, 0x0000022650918000)

Polling page: 0x0000022633da0000

CodeHeap 'non-profiled nmethods': size=120064Kb used=188Kb max_used=188Kb free=119875Kb
 bounds [0x0000022643e30000, 0x00000226440a0000, 0x000002264b370000]
CodeHeap 'profiled nmethods': size=120000Kb used=1028Kb max_used=1028Kb free=118971Kb
 bounds [0x000002263c900000, 0x000002263cb70000, 0x0000022643e30000]
CodeHeap 'non-nmethods': size=5696Kb used=1215Kb max_used=1228Kb free=4480Kb
 bounds [0x000002263c370000, 0x000002263c5e0000, 0x000002263c900000]
 total_blobs=1107 nmethods=595 adapters=287
 compilation: enabled

Compilation events (10 events):
Event: 0.892 Thread 0x000002265376b000  594       3       java.lang.Integer::stringSize (47 bytes)
Event: 0.893 Thread 0x000002265376b000 nmethod 594 0x000002263ca00090 code [0x000002263ca00240, 0x000002263ca004d8]
Event: 0.893 Thread 0x000002265376b000  595       3       java.lang.Integer::getChars (131 bytes)
Event: 0.894 Thread 0x000002265376b000 nmethod 595 0x000002263ca00590 code [0x000002263ca00780, 0x000002263ca00bf8]
Event: 0.894 Thread 0x000002265376b000  596       3       java.lang.String::valueOf (15 bytes)
Event: 0.894 Thread 0x000002265376b000 nmethod 596 0x000002263ca00e90 code [0x000002263ca01040, 0x000002263ca012b0]
Event: 0.900 Thread 0x0000022653765000 nmethod 592 0x0000022643e5da90 code [0x0000022643e5dc20, 0x0000022643e5dfb8]
Event: 0.900 Thread 0x0000022653765000  593       4       java.lang.String::getBytes (44 bytes)
Event: 0.901 Thread 0x0000022653761000 nmethod 591 0x0000022643e5e110 code [0x0000022643e5e2c0, 0x0000022643e5e938]
Event: 0.903 Thread 0x0000022653765000 nmethod 593 0x0000022643e5ed90 code [0x0000022643e5ef20, 0x0000022643e5f0d8]

GC Heap History (0 events):
No events

Deoptimization events (0 events):
No events

Classes redefined (3 events):
Event: 206.042 Thread 0x000002265370c800 redefined class name=polytech.javaproject.test.model.EmployeeTest, count=1
Event: 212.105 Thread 0x000002265370c800 redefined class name=polytech.javaproject.test.model.EmployeeTest, count=2
Event: 269.509 Thread 0x000002265370c800 redefined class name=polytech.javaproject.test.model.EmployeeTest, count=3

Internal exceptions (9 events):
Event: 0.316 Thread 0x0000022633e0e000 Exception <a 'java/io/FileNotFoundException'{0x000000008902d260}> (0x000000008902d260) thrown at [t:/workspace/hotspot/src/share/vm/prims/jni.cpp, line 604]
Event: 0.644 Thread 0x0000022633e0e000 Exception <a 'java/lang/NoSuchMethodError'{0x0000000088d61588}: java.lang.invoke.DirectMethodHandle$Holder.invokeInterface(Ljava/lang/Object;Ljava/lang/Object;Ljava/lang/Object;)I> (0x0000000088d61588) thrown at [t:/workspace/hotspot/src/share/vm/interpre
Event: 0.653 Thread 0x0000022633e0e000 Exception <a 'java/lang/NoSuchMethodError'{0x0000000088d6dad0}: java.lang.invoke.DirectMethodHandle$Holder.invokeStatic(Ljava/lang/Object;Ljava/lang/Object;)I> (0x0000000088d6dad0) thrown at [t:/workspace/hotspot/src/share/vm/interpreter/linkResolver.cpp,
Event: 0.658 Thread 0x0000022633e0e000 Exception <a 'java/lang/NoSuchMethodError'{0x0000000088d7ab88}: java.lang.Object.of([Ljava/lang/Object;)Ljava/util/stream/Stream;> (0x0000000088d7ab88) thrown at [t:/workspace/hotspot/src/share/vm/interpreter/linkResolver.cpp, line 731]
Event: 0.728 Thread 0x0000022633e0e000 Exception <a 'java/lang/NoSuchMethodError'{0x0000000088c41e28}: java.lang.Object.lambda$negate$3(I)Z> (0x0000000088c41e28) thrown at [t:/workspace/hotspot/src/share/vm/interpreter/linkResolver.cpp, line 731]
Event: 0.730 Thread 0x0000022633e0e000 Exception <a 'java/lang/NoSuchMethodError'{0x0000000088c456a8}: java.lang.Object.lambda$union$3(Ljava/util/regex/Pattern$CharPredicate;I)Z> (0x0000000088c456a8) thrown at [t:/workspace/hotspot/src/share/vm/interpreter/linkResolver.cpp, line 731]
Event: 0.742 Thread 0x0000022633e0e000 Exception <a 'java/lang/NoSuchMethodError'{0x0000000088c5dac8}: java.lang.Object.lambda$union$2(Ljava/util/regex/Pattern$CharPredicate;I)Z> (0x0000000088c5dac8) thrown at [t:/workspace/hotspot/src/share/vm/interpreter/linkResolver.cpp, line 731]
Event: 0.879 Thread 0x0000022633e0e000 Exception <a 'java/lang/reflect/InvocationTargetException'{0x0000000088b8d898}> (0x0000000088b8d898) thrown at [t:/workspace/hotspot/src/share/vm/runtime/reflection.cpp, line 1213]
Event: 0.891 Thread 0x0000022633e0e000 Exception <a 'java/lang/reflect/InvocationTargetException'{0x0000000088baa7f8}> (0x0000000088baa7f8) thrown at [t:/workspace/hotspot/src/share/vm/runtime/reflection.cpp, line 1213]

Events (10 events):
Event: 269.522 Executing VM operation: GetFrameLocation done
Event: 269.546 Executing VM operation: GetFrameCount
Event: 269.547 Executing VM operation: GetFrameCount done
Event: 269.547 Executing VM operation: GetOwnedMonitorInfo
Event: 269.547 Executing VM operation: GetOwnedMonitorInfo done
Event: 269.547 Executing VM operation: GetCurrentContendedMonitor
Event: 269.547 Executing VM operation: GetCurrentContendedMonitor done
Event: 276.035 Executing VM operation: GetFrameLocation
Event: 276.035 Executing VM operation: GetFrameLocation done
Event: 276.035 Executing VM operation: GetOrSetLocal


Dynamic libraries:
0x00007ff74b260000 - 0x00007ff74b29e000 	C:\Program Files\Java\jre-9.0.4\bin\javaw.exe
0x00007fffc3c60000 - 0x00007fffc3e40000 	C:\WINDOWS\SYSTEM32\ntdll.dll
0x00007fffb4df0000 - 0x00007fffb4e24000 	C:\Program Files\AVAST Software\Avast\x64\aswhooka.dll
0x00007fffc2680000 - 0x00007fffc272e000 	C:\WINDOWS\System32\KERNEL32.DLL
0x00007fffc02e0000 - 0x00007fffc0546000 	C:\WINDOWS\System32\KERNELBASE.dll
0x00007fffc1130000 - 0x00007fffc11d1000 	C:\WINDOWS\System32\ADVAPI32.dll
0x00007fffc36e0000 - 0x00007fffc377d000 	C:\WINDOWS\System32\msvcrt.dll
0x00007fffc3bd0000 - 0x00007fffc3c2b000 	C:\WINDOWS\System32\sechost.dll
0x00007fffc3780000 - 0x00007fffc389f000 	C:\WINDOWS\System32\RPCRT4.dll
0x00007fffc3490000 - 0x00007fffc361f000 	C:\WINDOWS\System32\USER32.dll
0x00007fffc1110000 - 0x00007fffc1130000 	C:\WINDOWS\System32\win32u.dll
0x00007fffc2d20000 - 0x00007fffc2d48000 	C:\WINDOWS\System32\GDI32.dll
0x00007fffc0f70000 - 0x00007fffc1103000 	C:\WINDOWS\System32\gdi32full.dll
0x00007fffc0240000 - 0x00007fffc02db000 	C:\WINDOWS\System32\msvcp_win.dll
0x00007fffc0140000 - 0x00007fffc0236000 	C:\WINDOWS\System32\ucrtbase.dll
0x00007fffb4030000 - 0x00007fffb4299000 	C:\WINDOWS\WinSxS\amd64_microsoft.windows.common-controls_6595b64144ccf1df_6.0.16299.371_none_15c7d1789365a290\COMCTL32.dll
0x00007fffc28d0000 - 0x00007fffc2bd8000 	C:\WINDOWS\System32\combase.dll
0x00007fffc00c0000 - 0x00007fffc0132000 	C:\WINDOWS\System32\bcryptPrimitives.dll
0x00007fffb5b60000 - 0x00007fffb5b6a000 	C:\WINDOWS\SYSTEM32\VERSION.dll
0x00007fffc3a50000 - 0x00007fffc3a7d000 	C:\WINDOWS\System32\IMM32.DLL
0x00007fffa8510000 - 0x00007fffa85ff000 	C:\Program Files\Java\jre-9.0.4\bin\msvcr120.dll
0x00007fffa7eb0000 - 0x00007fffa7f56000 	C:\Program Files\Java\jre-9.0.4\bin\msvcp120.dll
0x0000000053130000 - 0x0000000053b55000 	C:\Program Files\Java\jre-9.0.4\bin\server\jvm.dll
0x00007fffc36d0000 - 0x00007fffc36d8000 	C:\WINDOWS\System32\PSAPI.DLL
0x00007fffbef10000 - 0x00007fffbef19000 	C:\WINDOWS\SYSTEM32\WSOCK32.dll
0x00007fffc2cb0000 - 0x00007fffc2d1c000 	C:\WINDOWS\System32\WS2_32.dll
0x00007fffbde00000 - 0x00007fffbde23000 	C:\WINDOWS\SYSTEM32\WINMM.dll
0x00007fffbdda0000 - 0x00007fffbddca000 	C:\WINDOWS\SYSTEM32\WINMMBASE.dll
0x00007fffc0550000 - 0x00007fffc059a000 	C:\WINDOWS\System32\cfgmgr32.dll
0x00007fffba240000 - 0x00007fffba24f000 	C:\Program Files\Java\jre-9.0.4\bin\verify.dll
0x00007fffb7500000 - 0x00007fffb7527000 	C:\Program Files\Java\jre-9.0.4\bin\java.dll
0x00007fffb6ac0000 - 0x00007fffb6af6000 	C:\Program Files\Java\jre-9.0.4\bin\jdwp.dll
0x00007fffb6d70000 - 0x00007fffb6d86000 	C:\Program Files\Java\jre-9.0.4\bin\zip.dll
0x00007fffba230000 - 0x00007fffba23a000 	C:\Program Files\Java\jre-9.0.4\bin\jimage.dll
0x00007fffc11e0000 - 0x00007fffc2616000 	C:\WINDOWS\System32\SHELL32.dll
0x00007fffc3620000 - 0x00007fffc36c6000 	C:\WINDOWS\System32\shcore.dll
0x00007fffc0650000 - 0x00007fffc0d97000 	C:\WINDOWS\System32\windows.storage.dll
0x00007fffc2620000 - 0x00007fffc2671000 	C:\WINDOWS\System32\shlwapi.dll
0x00007fffbffb0000 - 0x00007fffbffc1000 	C:\WINDOWS\System32\kernel.appcore.dll
0x00007fffc0010000 - 0x00007fffc005c000 	C:\WINDOWS\System32\powrprof.dll
0x00007fffbfff0000 - 0x00007fffc000b000 	C:\WINDOWS\System32\profapi.dll
0x00007fffb3b90000 - 0x00007fffb3baa000 	C:\Program Files\Java\jre-9.0.4\bin\net.dll
0x00007fffb9960000 - 0x00007fffb9a3e000 	C:\WINDOWS\SYSTEM32\WINHTTP.dll
0x00007fffbf840000 - 0x00007fffbf8a6000 	C:\WINDOWS\system32\mswsock.dll
0x00007fffb3670000 - 0x00007fffb3681000 	C:\Program Files\Java\jre-9.0.4\bin\nio.dll
0x00007fffbe1d0000 - 0x00007fffbe1da000 	C:\Program Files\Java\jre-9.0.4\bin\dt_socket.dll
0x00007fffbf610000 - 0x00007fffbf6c6000 	C:\WINDOWS\SYSTEM32\DNSAPI.dll
0x00007fffc3a40000 - 0x00007fffc3a48000 	C:\WINDOWS\System32\NSI.dll
0x00007fffbf5d0000 - 0x00007fffbf609000 	C:\WINDOWS\SYSTEM32\IPHLPAPI.DLL
0x00000000541f0000 - 0x0000000054216000 	C:\Program Files\Bonjour\mdnsNSP.dll
0x00007fffb31e0000 - 0x00007fffb3250000 	C:\WINDOWS\System32\fwpuclnt.dll
0x00007fffbfb10000 - 0x00007fffbfb35000 	C:\WINDOWS\SYSTEM32\bcrypt.dll
0x00007fffb31a0000 - 0x00007fffb31aa000 	C:\Windows\System32\rasadhlp.dll
0x00007fffa9e00000 - 0x00007fffa9fc8000 	C:\WINDOWS\SYSTEM32\dbghelp.dll

VM Arguments:
jvm_args: -agentlib:jdwp=transport=dt_socket,suspend=y,address=localhost:55365 -ea -Dfile.encoding=Cp1252 
java_command: org.eclipse.jdt.internal.junit.runner.RemoteTestRunner -version 3 -port 55364 -testLoaderClass org.eclipse.jdt.internal.junit4.runner.JUnit4TestLoader -loaderpluginname org.eclipse.jdt.junit4.runtime -classNames polytech.javaproject.test.model.EmployeeTest
java_class_path (initial): C:\Users\Tomati\Documents\Workspace\Java\JavaSEProject_WorkingAttendence\bin;C:\Users\Tomati\.p2\pool\plugins\org.junit_4.12.0.v201504281640\junit.jar;C:\Users\Tomati\.p2\pool\plugins\org.hamcrest.core_1.3.0.v201303031735.jar;C:\Users\Tomati\eclipse\java-latest-released\eclipse\configuration\org.eclipse.osgi\230\0\.cp;C:\Users\Tomati\eclipse\java-latest-released\eclipse\configuration\org.eclipse.osgi\229\0\.cp
Launcher Type: SUN_STANDARD

Logging:
Log output configuration:
#0: stdout all=warning uptime,level,tags
#1: stderr all=off uptime,level,tags

Environment Variables:
PATH=C:\ProgramData\Oracle\Java\javapath;C:\Program Files (x86)\Intel\iCLS Client\;C:\Program Files\Intel\iCLS Client\;C:\WINDOWS\system32;C:\WINDOWS;C:\WINDOWS\System32\Wbem;C:\WINDOWS\System32\WindowsPowerShell\v1.0\;C:\Program Files\Intel\Intel(R) Management Engine Components\DAL;C:\Program Files (x86)\Intel\Intel(R) Management Engine Components\DAL;C:\Program Files\Intel\Intel(R) Management Engine Components\IPT;C:\Program Files (x86)\Intel\Intel(R) Management Engine Components\IPT;c:\Program Files (x86)\ATI Technologies\ATI.ACE\Core-Static;C:\Program Files\Hewlett-Packard\SimplePass\;C:\Program Files\Git\cmd;C:\Program Files (x86)\Skype\Phone\;C:\Program Files\nodejs\;C:\Program Files\dotnet\;C:\Users\Tomati\AppData\Local\Microsoft\WindowsApps;C:\Users\Tomati\AppData\Roaming\npm;C:\Users\Tomati\AppData\Local\Pandoc\;C:\Users\Tomati\AppData\Local\atom\bin;C:\Users\Tomati\AppData\Local\Microsoft\WindowsApps;;C:\Program Files\TDM-GCC-64\bin
USERNAME=Tomati
OS=Windows_NT
PROCESSOR_IDENTIFIER=Intel64 Family 6 Model 69 Stepping 1, GenuineIntel



---------------  S Y S T E M  ---------------

OS: Windows 10 , 64 bit Build 16299 (10.0.16299.15)

CPU:total 4 (initial active 4) (2 cores per cpu, 2 threads per core) family 6 model 69 stepping 1, cmov, cx8, fxsr, mmx, sse, sse2, sse3, ssse3, sse4.1, sse4.2, popcnt, avx, avx2, aes, clmul, erms, lzcnt, ht, tsc, tscinvbit, bmi1, bmi2, fma

Memory: 4k page, physical 8308108k(4110624k free), swap 9618828k(4650284k free)

vm_info: Java HotSpot(TM) 64-Bit Server VM (9.0.4+11) for windows-amd64 JRE (9.0.4+11), built on Dec 20 2017 02:18:54 by "mach5one" with MS VC++ 12.0 (VS2013)

END.
